<?xml version="1.0" encoding="UTF-8"?>
<!-- Generated by org.testng.reporters.JUnitXMLReporter -->
<testsuite ignored="2" hostname="Bikash" failures="0" tests="1" name="HomePage" time="14.011" errors="0" timestamp="2021-06-06T17:19:48 IST">
  <testcase classname="com.abstech.airface.HomePage" name="loginpage3rddata" time="4.599"/>
  <testcase classname="com.abstech.airface.HomePage" name="loginpage" time="0.0">
    <ignored/>
  </testcase> <!-- loginpage -->
  <testcase classname="com.abstech.airface.HomePage" name="loginpage2ndData" time="0.0">
    <ignored/>
  </testcase> <!-- loginpage2ndData -->
</testsuite> <!-- HomePage -->
