<?xml version="1.0" encoding="UTF-8"?>
<!-- Generated by org.testng.reporters.JUnitXMLReporter -->
<testsuite ignored="0" hostname="Bikash" failures="1" tests="2" name="employee" time="27.202" errors="0" timestamp="2021-06-06T16:17:55 IST">
  <testcase classname="com.abstech.airface.EmployeePage" name="employee" time="4.304"/>
  <testcase classname="com.abstech.airface.EmployeePage" name="addEmployee" time="21.208">
    <failure type="java.lang.AssertionError" message="employee not added expected [true] but found [false]">
      <![CDATA[java.lang.AssertionError: employee not added expected [true] but found [false]
at com.abstech.airface.EmployeePage.addEmployee(EmployeePage.java:90)
at java.base/java.util.ArrayList.forEach(ArrayList.java:1511)
... Removed 30 stack frames]]>
    </failure>
  </testcase> <!-- addEmployee -->
</testsuite> <!-- employee -->
